[1] "2015-06-18 18:44:47: Starting operations to make WhaleWatch product"
[1] "2015-06-18 18:44:47: Bathymetry data present, moving to next command"
[1] "2015-06-18 18:44:47: Running function get_EnvData"
[1] "2015-06-18 18:44:47: Loading required libraries"
[1] "2015-06-18 18:44:47: Getting the current month and year..."
[1] "2015-06-18 18:44:47: Creating temp directory tmp.1434678287"
[1] "2015-06-18 18:44:47: Attempting to grab Chlorophyll data from time period last"
[1] "2015-06-18 18:46:58: Chlorophyll data file download successful!!!"
[1] "2015-06-18 18:46:58: Reading in chlorophyll data file tmp.1434678287/chl.nc"
[1] "2015-06-18 18:46:58: Checking for existence of factor file Data/WhaleWatchFactors_2015_04.csv"
[1] "2015-06-18 18:46:58: Factor file Data/WhaleWatchFactors_2015_04.csv present, moving to modeling phase"
[1] "2015-06-18 18:46:58: Cleaning up temp directory tmp.1434678287"
[1] "2015-06-18 18:46:58: Finished running function get_EnvData"
[1] "2015-06-18 18:46:58: Running function predict_GAMM"
[1] "2015-06-18 18:46:58: Loading factor file Data/WhaleWatchFactors_9_2009.csv"
[1] "2015-06-18 18:46:58: loading model ModelRuns/bwhaleGAMM.sufa1.RData"
[1] "2015-06-18 18:47:00: loading model ModelRuns/bwhaleGAMM.sufa2.RData"
[1] "2015-06-18 18:47:02: loading model ModelRuns/bwhaleGAMM.sufa3.RData"
[1] "2015-06-18 18:47:03: loading model ModelRuns/bwhaleGAMM.sufa4.RData"
[1] "2015-06-18 18:47:05: loading model ModelRuns/bwhaleGAMM.sufa5.RData"
[1] "2015-06-18 18:47:06: loading model ModelRuns/bwhaleGAMM.sufa6.RData"
[1] "2015-06-18 18:47:08: loading model ModelRuns/bwhaleGAMM.sufa7.RData"
[1] "2015-06-18 18:47:09: loading model ModelRuns/bwhaleGAMM.sufa8.RData"
[1] "2015-06-18 18:47:11: loading model ModelRuns/bwhaleGAMM.sufa9.RData"
[1] "2015-06-18 18:47:12: loading model ModelRuns/bwhaleGAMM.sufa10.RData"
[1] "2015-06-18 18:47:14: loading model ModelRuns/bwhaleGAMM.sufa11.RData"
[1] "2015-06-18 18:47:15: loading model ModelRuns/bwhaleGAMM.sufa12.RData"
[1] "2015-06-18 18:47:17: loading model ModelRuns/bwhaleGAMM.sufa13.RData"
[1] "2015-06-18 18:47:18: loading model ModelRuns/bwhaleGAMM.sufa14.RData"
[1] "2015-06-18 18:47:20: loading model ModelRuns/bwhaleGAMM.sufa15.RData"
[1] "2015-06-18 18:47:21: loading model ModelRuns/bwhaleGAMM.sufa16.RData"
[1] "2015-06-18 18:47:23: loading model ModelRuns/bwhaleGAMM.sufa17.RData"
[1] "2015-06-18 18:47:24: loading model ModelRuns/bwhaleGAMM.sufa18.RData"
[1] "2015-06-18 18:47:26: loading model ModelRuns/bwhaleGAMM.sufa19.RData"
[1] "2015-06-18 18:47:27: loading model ModelRuns/bwhaleGAMM.sufa20.RData"
[1] "2015-06-18 18:47:29: loading model ModelRuns/bwhaleGAMM.sufa21.RData"
[1] "2015-06-18 18:47:30: loading model ModelRuns/bwhaleGAMM.sufa22.RData"
[1] "2015-06-18 18:47:32: loading model ModelRuns/bwhaleGAMM.sufa23.RData"
[1] "2015-06-18 18:47:33: loading model ModelRuns/bwhaleGAMM.sufa24.RData"
[1] "2015-06-18 18:47:35: loading model ModelRuns/bwhaleGAMM.sufa25.RData"
[1] "2015-06-18 18:47:36: loading model ModelRuns/bwhaleGAMM.sufa26.RData"
[1] "2015-06-18 18:47:38: loading model ModelRuns/bwhaleGAMM.sufa27.RData"
[1] "2015-06-18 18:47:39: loading model ModelRuns/bwhaleGAMM.sufa28.RData"
[1] "2015-06-18 18:47:41: loading model ModelRuns/bwhaleGAMM.sufa29.RData"
[1] "2015-06-18 18:47:42: loading model ModelRuns/bwhaleGAMM.sufa30.RData"
[1] "2015-06-18 18:47:44: loading model ModelRuns/bwhaleGAMM.sufa31.RData"
[1] "2015-06-18 18:47:45: loading model ModelRuns/bwhaleGAMM.sufa32.RData"
[1] "2015-06-18 18:47:47: loading model ModelRuns/bwhaleGAMM.sufa33.RData"
[1] "2015-06-18 18:47:48: loading model ModelRuns/bwhaleGAMM.sufa34.RData"
[1] "2015-06-18 18:47:50: loading model ModelRuns/bwhaleGAMM.sufa35.RData"
[1] "2015-06-18 18:47:51: loading model ModelRuns/bwhaleGAMM.sufa36.RData"
[1] "2015-06-18 18:47:53: loading model ModelRuns/bwhaleGAMM.sufa37.RData"
[1] "2015-06-18 18:47:54: loading model ModelRuns/bwhaleGAMM.sufa38.RData"
[1] "2015-06-18 18:47:56: loading model ModelRuns/bwhaleGAMM.sufa39.RData"
[1] "2015-06-18 18:47:57: loading model ModelRuns/bwhaleGAMM.sufa40.RData"
[1] "2015-06-18 18:47:59: Making GAM data frame"
[1] "2015-06-18 18:47:59: Writing predictions to file Predictions/WhaleWatchPredictions_9_2009.csv"
[1] "2015-06-18 18:47:59: Finished running function predict_GAMM"
[1] "2015-06-18 18:47:59: Running function plot_GAMMRaster"
[1] "2015-06-18 18:48:00: Finished running function plot_GAMMRaster"
[1] "2015-06-18 18:48:00: Closing temporary logfile and renaming to file  logs/log2015-06-18T18-48-00.log"
