[1] "2015-06-19 11:26:14: Starting operations to make WhaleWatch product"
[1] "2015-06-19 11:26:14: Bathymetry data present, moving to next command"
[1] "2015-06-19 11:26:14: Running function get_EnvData"
[1] "2015-06-19 11:26:14: Loading required libraries"
[1] "2015-06-19 11:26:16: Getting the current month and year..."
[1] "2015-06-19 11:26:16: Creating temp directory tmp.1434738376"
[1] "2015-06-19 11:26:16: Attempting to grab Chlorophyll data from time period last"
[1] "2015-06-19 11:26:38: Chlorophyll data file download successful!!!"
[1] "2015-06-19 11:26:38: Reading in chlorophyll data file tmp.1434738376/chl.nc"
[1] "2015-06-19 11:26:38: Checking for existence of factor file Data/WhaleWatchFactors_2015_05.csv"
[1] "2015-06-19 11:26:38: Factor file Data/WhaleWatchFactors_2015_05.csv present, moving to modeling phase"
[1] "2015-06-19 11:26:38: Cleaning up temp directory tmp.1434738376"
[1] "2015-06-19 11:26:38: Finished running function get_EnvData"
[1] "2015-06-19 11:26:38: Running function predict_GAMM"
[1] "2015-06-19 11:26:40: Loading factor file Data/WhaleWatchFactors_2015_05.csv"
[1] "2015-06-19 11:26:40: loading model ModelRuns/bwhaleGAMM.wisp1.RData"
[1] "2015-06-19 11:26:45: loading model ModelRuns/bwhaleGAMM.wisp2.RData"
[1] "2015-06-19 11:26:48: loading model ModelRuns/bwhaleGAMM.wisp3.RData"
[1] "2015-06-19 11:26:49: loading model ModelRuns/bwhaleGAMM.wisp4.RData"
[1] "2015-06-19 11:26:51: loading model ModelRuns/bwhaleGAMM.wisp5.RData"
[1] "2015-06-19 11:26:52: loading model ModelRuns/bwhaleGAMM.wisp6.RData"
[1] "2015-06-19 11:26:53: loading model ModelRuns/bwhaleGAMM.wisp7.RData"
[1] "2015-06-19 11:26:55: loading model ModelRuns/bwhaleGAMM.wisp8.RData"
[1] "2015-06-19 11:26:56: loading model ModelRuns/bwhaleGAMM.wisp9.RData"
[1] "2015-06-19 11:26:58: loading model ModelRuns/bwhaleGAMM.wisp10.RData"
[1] "2015-06-19 11:26:59: loading model ModelRuns/bwhaleGAMM.wisp11.RData"
[1] "2015-06-19 11:27:00: loading model ModelRuns/bwhaleGAMM.wisp12.RData"
[1] "2015-06-19 11:27:02: loading model ModelRuns/bwhaleGAMM.wisp13.RData"
[1] "2015-06-19 11:27:03: loading model ModelRuns/bwhaleGAMM.wisp14.RData"
[1] "2015-06-19 11:27:05: loading model ModelRuns/bwhaleGAMM.wisp15.RData"
[1] "2015-06-19 11:27:06: loading model ModelRuns/bwhaleGAMM.wisp16.RData"
[1] "2015-06-19 11:27:08: loading model ModelRuns/bwhaleGAMM.wisp17.RData"
[1] "2015-06-19 11:27:09: loading model ModelRuns/bwhaleGAMM.wisp18.RData"
[1] "2015-06-19 11:27:10: loading model ModelRuns/bwhaleGAMM.wisp19.RData"
[1] "2015-06-19 11:27:12: loading model ModelRuns/bwhaleGAMM.wisp20.RData"
[1] "2015-06-19 11:27:13: loading model ModelRuns/bwhaleGAMM.wisp21.RData"
[1] "2015-06-19 11:27:15: loading model ModelRuns/bwhaleGAMM.wisp22.RData"
[1] "2015-06-19 11:27:16: loading model ModelRuns/bwhaleGAMM.wisp23.RData"
[1] "2015-06-19 11:27:17: loading model ModelRuns/bwhaleGAMM.wisp24.RData"
[1] "2015-06-19 11:27:19: loading model ModelRuns/bwhaleGAMM.wisp25.RData"
[1] "2015-06-19 11:27:20: loading model ModelRuns/bwhaleGAMM.wisp26.RData"
[1] "2015-06-19 11:27:22: loading model ModelRuns/bwhaleGAMM.wisp27.RData"
[1] "2015-06-19 11:27:23: loading model ModelRuns/bwhaleGAMM.wisp28.RData"
[1] "2015-06-19 11:27:25: loading model ModelRuns/bwhaleGAMM.wisp29.RData"
[1] "2015-06-19 11:27:26: loading model ModelRuns/bwhaleGAMM.wisp30.RData"
[1] "2015-06-19 11:27:27: loading model ModelRuns/bwhaleGAMM.wisp31.RData"
[1] "2015-06-19 11:27:29: loading model ModelRuns/bwhaleGAMM.wisp32.RData"
[1] "2015-06-19 11:27:30: loading model ModelRuns/bwhaleGAMM.wisp33.RData"
[1] "2015-06-19 11:27:32: loading model ModelRuns/bwhaleGAMM.wisp34.RData"
[1] "2015-06-19 11:27:33: loading model ModelRuns/bwhaleGAMM.wisp35.RData"
[1] "2015-06-19 11:27:34: loading model ModelRuns/bwhaleGAMM.wisp36.RData"
[1] "2015-06-19 11:27:36: loading model ModelRuns/bwhaleGAMM.wisp37.RData"
[1] "2015-06-19 11:27:37: loading model ModelRuns/bwhaleGAMM.wisp38.RData"
[1] "2015-06-19 11:27:39: loading model ModelRuns/bwhaleGAMM.wisp39.RData"
[1] "2015-06-19 11:27:40: loading model ModelRuns/bwhaleGAMM.wisp40.RData"
[1] "2015-06-19 11:27:42: Making GAM data frame"
[1] "2015-06-19 11:27:42: Writing predictions to file Predictions/WhaleWatchPredictions_2015_05.csv"
[1] "2015-06-19 11:27:42: Finished running function predict_GAMM"
[1] "2015-06-19 11:27:42: Running function plot_GAMMRaster"
[1] "2015-06-19 11:27:44: Finished running function plot_GAMMRaster"
[1] "2015-06-19 11:27:44: Closing temporary logfile and renaming to file  logs/log2015-06-19T11-27-44.log"
