[1] "2015-06-19 10:02:19: Starting operations to make WhaleWatch product"
[1] "2015-06-19 10:02:19: Bathymetry data present, moving to next command"
[1] "2015-06-19 10:02:19: Running function get_EnvData"
[1] "2015-06-19 10:02:19: Loading required libraries"
[1] "2015-06-19 10:02:19: Getting the current month and year..."
[1] "2015-06-19 10:02:19: Creating temp directory tmp.1434733339"
[1] "2015-06-19 10:02:19: Attempting to grab Chlorophyll data from time period last"
[1] "2015-06-19 10:02:55: Chlorophyll data file download successful!!!"
[1] "2015-06-19 10:02:55: Reading in chlorophyll data file tmp.1434733339/chl.nc"
[1] "2015-06-19 10:02:55: Checking for existence of factor file Data/WhaleWatchFactors_2015_04.csv"
[1] "2015-06-19 10:02:55: Factor file Data/WhaleWatchFactors_2015_04.csv present, moving to modeling phase"
[1] "2015-06-19 10:02:55: Cleaning up temp directory tmp.1434733339"
[1] "2015-06-19 10:02:55: Finished running function get_EnvData"
[1] "2015-06-19 10:02:55: Running function predict_GAMM"
[1] "2015-06-19 10:02:55: Loading factor file Data/WhaleWatchFactors_2015_04.csv"
[1] "2015-06-19 10:02:55: loading model ModelRuns/bwhaleGAMM.wisp1.RData"
[1] "2015-06-19 10:02:57: loading model ModelRuns/bwhaleGAMM.wisp2.RData"
[1] "2015-06-19 10:02:58: loading model ModelRuns/bwhaleGAMM.wisp3.RData"
[1] "2015-06-19 10:02:59: loading model ModelRuns/bwhaleGAMM.wisp4.RData"
[1] "2015-06-19 10:03:01: loading model ModelRuns/bwhaleGAMM.wisp5.RData"
[1] "2015-06-19 10:03:02: loading model ModelRuns/bwhaleGAMM.wisp6.RData"
[1] "2015-06-19 10:03:03: loading model ModelRuns/bwhaleGAMM.wisp7.RData"
[1] "2015-06-19 10:03:04: loading model ModelRuns/bwhaleGAMM.wisp8.RData"
[1] "2015-06-19 10:03:05: loading model ModelRuns/bwhaleGAMM.wisp9.RData"
[1] "2015-06-19 10:03:06: loading model ModelRuns/bwhaleGAMM.wisp10.RData"
[1] "2015-06-19 10:03:08: loading model ModelRuns/bwhaleGAMM.wisp11.RData"
[1] "2015-06-19 10:03:09: loading model ModelRuns/bwhaleGAMM.wisp12.RData"
[1] "2015-06-19 10:03:10: loading model ModelRuns/bwhaleGAMM.wisp13.RData"
[1] "2015-06-19 10:03:11: loading model ModelRuns/bwhaleGAMM.wisp14.RData"
[1] "2015-06-19 10:03:13: loading model ModelRuns/bwhaleGAMM.wisp15.RData"
[1] "2015-06-19 10:03:14: loading model ModelRuns/bwhaleGAMM.wisp16.RData"
[1] "2015-06-19 10:03:15: loading model ModelRuns/bwhaleGAMM.wisp17.RData"
[1] "2015-06-19 10:03:16: loading model ModelRuns/bwhaleGAMM.wisp18.RData"
[1] "2015-06-19 10:03:17: loading model ModelRuns/bwhaleGAMM.wisp19.RData"
[1] "2015-06-19 10:03:19: loading model ModelRuns/bwhaleGAMM.wisp20.RData"
[1] "2015-06-19 10:03:20: loading model ModelRuns/bwhaleGAMM.wisp21.RData"
[1] "2015-06-19 10:03:21: loading model ModelRuns/bwhaleGAMM.wisp22.RData"
[1] "2015-06-19 10:03:22: loading model ModelRuns/bwhaleGAMM.wisp23.RData"
[1] "2015-06-19 10:03:24: loading model ModelRuns/bwhaleGAMM.wisp24.RData"
[1] "2015-06-19 10:03:25: loading model ModelRuns/bwhaleGAMM.wisp25.RData"
[1] "2015-06-19 10:03:26: loading model ModelRuns/bwhaleGAMM.wisp26.RData"
[1] "2015-06-19 10:03:27: loading model ModelRuns/bwhaleGAMM.wisp27.RData"
[1] "2015-06-19 10:03:28: loading model ModelRuns/bwhaleGAMM.wisp28.RData"
[1] "2015-06-19 10:03:29: loading model ModelRuns/bwhaleGAMM.wisp29.RData"
[1] "2015-06-19 10:03:31: loading model ModelRuns/bwhaleGAMM.wisp30.RData"
[1] "2015-06-19 10:03:32: loading model ModelRuns/bwhaleGAMM.wisp31.RData"
[1] "2015-06-19 10:03:33: loading model ModelRuns/bwhaleGAMM.wisp32.RData"
[1] "2015-06-19 10:03:34: loading model ModelRuns/bwhaleGAMM.wisp33.RData"
[1] "2015-06-19 10:03:36: loading model ModelRuns/bwhaleGAMM.wisp34.RData"
[1] "2015-06-19 10:03:37: loading model ModelRuns/bwhaleGAMM.wisp35.RData"
[1] "2015-06-19 10:03:38: loading model ModelRuns/bwhaleGAMM.wisp36.RData"
[1] "2015-06-19 10:03:40: loading model ModelRuns/bwhaleGAMM.wisp37.RData"
[1] "2015-06-19 10:03:41: loading model ModelRuns/bwhaleGAMM.wisp38.RData"
[1] "2015-06-19 10:03:42: loading model ModelRuns/bwhaleGAMM.wisp39.RData"
[1] "2015-06-19 10:03:43: loading model ModelRuns/bwhaleGAMM.wisp40.RData"
[1] "2015-06-19 10:03:44: Making GAM data frame"
[1] "2015-06-19 10:03:44: Writing predictions to file Predictions/WhaleWatchPredictions_2015_04.csv"
[1] "2015-06-19 10:03:45: Finished running function predict_GAMM"
[1] "2015-06-19 10:03:45: Running function plot_GAMMRaster"
[1] "2015-06-19 10:03:46: Finished running function plot_GAMMRaster"
[1] "2015-06-19 10:03:46: Closing temporary logfile and renaming to file  logs/log2015-06-19T10-03-46.log"
