[1] "2015-06-19 11:40:43: Starting operations to make WhaleWatch product"
[1] "2015-06-19 11:40:43: Bathymetry data present, moving to next command"
[1] "2015-06-19 11:40:43: Running function get_EnvData"
[1] "2015-06-19 11:40:43: Loading required libraries"
[1] "2015-06-19 11:40:46: Getting the current month and year..."
[1] "2015-06-19 11:40:46: Creating temp directory tmp.1434739246"
[1] "2015-06-19 11:40:46: Attempting to grab Chlorophyll data from time period last"
[1] "2015-06-19 11:41:10: Chlorophyll data file download successful!!!"
[1] "2015-06-19 11:41:10: Reading in chlorophyll data file tmp.1434739246/chl.nc"
[1] "2015-06-19 11:41:10: Checking for existence of factor file Data/WhaleWatchFactors_2015_05.csv"
[1] "2015-06-19 11:41:10: Factorfile not found, grabbing data"
[1] "2015-06-19 11:41:10: Attempting SST download http://coastwatch.pfeg.noaa.gov/erddap/griddap/erdMBsstdmday.nc?sst[(2015-05-16T00:00:00Z):1:(2015-05-16T00:00:00Z)][(0.0):1:(0.0)][(29):1:(49)][(224):1:(245)]"
[1] "2015-06-19 11:41:33: Regridding Chlorophyll and SST data"
[1] "2015-06-19 11:41:34: Attempting SSH download http://aviso-users:grid2010@opendap.aviso.altimetry.fr/thredds/dodsC/dataset-duacs-nrt-over30d-global-allsat-msla-h"
[1] "2015-06-19 11:42:04: Loading in reshaped SST and Chl-a data"
[1] "2015-06-19 11:42:04: Regridding SSH to SST raster"
[1] "2015-06-19 11:42:05: Writing factorfile to file Data/WhaleWatchFactors_2015_05.csv"
[1] "2015-06-19 11:42:05: Cleaning up temp directory tmp.1434739246"
[1] "2015-06-19 11:42:05: Finished running function get_EnvData"
[1] "2015-06-19 11:42:05: Running function predict_GAMM"
[1] "2015-06-19 11:42:07: Loading factor file Data/WhaleWatchFactors_2015_05.csv"
[1] "2015-06-19 11:42:07: loading model ModelRuns/bwhaleGAMM.wisp1.RData"
[1] "2015-06-19 11:42:12: loading model ModelRuns/bwhaleGAMM.wisp2.RData"
[1] "2015-06-19 11:42:14: loading model ModelRuns/bwhaleGAMM.wisp3.RData"
[1] "2015-06-19 11:42:16: loading model ModelRuns/bwhaleGAMM.wisp4.RData"
[1] "2015-06-19 11:42:17: loading model ModelRuns/bwhaleGAMM.wisp5.RData"
[1] "2015-06-19 11:42:19: loading model ModelRuns/bwhaleGAMM.wisp6.RData"
[1] "2015-06-19 11:42:20: loading model ModelRuns/bwhaleGAMM.wisp7.RData"
[1] "2015-06-19 11:42:21: loading model ModelRuns/bwhaleGAMM.wisp8.RData"
[1] "2015-06-19 11:42:23: loading model ModelRuns/bwhaleGAMM.wisp9.RData"
[1] "2015-06-19 11:42:24: loading model ModelRuns/bwhaleGAMM.wisp10.RData"
[1] "2015-06-19 11:42:26: loading model ModelRuns/bwhaleGAMM.wisp11.RData"
[1] "2015-06-19 11:42:27: loading model ModelRuns/bwhaleGAMM.wisp12.RData"
[1] "2015-06-19 11:42:29: loading model ModelRuns/bwhaleGAMM.wisp13.RData"
[1] "2015-06-19 11:42:30: loading model ModelRuns/bwhaleGAMM.wisp14.RData"
[1] "2015-06-19 11:42:31: loading model ModelRuns/bwhaleGAMM.wisp15.RData"
[1] "2015-06-19 11:42:33: loading model ModelRuns/bwhaleGAMM.wisp16.RData"
[1] "2015-06-19 11:42:34: loading model ModelRuns/bwhaleGAMM.wisp17.RData"
[1] "2015-06-19 11:42:36: loading model ModelRuns/bwhaleGAMM.wisp18.RData"
[1] "2015-06-19 11:42:37: loading model ModelRuns/bwhaleGAMM.wisp19.RData"
[1] "2015-06-19 11:42:39: loading model ModelRuns/bwhaleGAMM.wisp20.RData"
[1] "2015-06-19 11:42:40: loading model ModelRuns/bwhaleGAMM.wisp21.RData"
[1] "2015-06-19 11:42:41: loading model ModelRuns/bwhaleGAMM.wisp22.RData"
[1] "2015-06-19 11:42:43: loading model ModelRuns/bwhaleGAMM.wisp23.RData"
[1] "2015-06-19 11:42:44: loading model ModelRuns/bwhaleGAMM.wisp24.RData"
[1] "2015-06-19 11:42:46: loading model ModelRuns/bwhaleGAMM.wisp25.RData"
[1] "2015-06-19 11:42:47: loading model ModelRuns/bwhaleGAMM.wisp26.RData"
[1] "2015-06-19 11:42:49: loading model ModelRuns/bwhaleGAMM.wisp27.RData"
[1] "2015-06-19 11:42:50: loading model ModelRuns/bwhaleGAMM.wisp28.RData"
[1] "2015-06-19 11:42:51: loading model ModelRuns/bwhaleGAMM.wisp29.RData"
[1] "2015-06-19 11:42:53: loading model ModelRuns/bwhaleGAMM.wisp30.RData"
[1] "2015-06-19 11:42:54: loading model ModelRuns/bwhaleGAMM.wisp31.RData"
[1] "2015-06-19 11:42:56: loading model ModelRuns/bwhaleGAMM.wisp32.RData"
[1] "2015-06-19 11:42:57: loading model ModelRuns/bwhaleGAMM.wisp33.RData"
[1] "2015-06-19 11:42:59: loading model ModelRuns/bwhaleGAMM.wisp34.RData"
[1] "2015-06-19 11:43:00: loading model ModelRuns/bwhaleGAMM.wisp35.RData"
[1] "2015-06-19 11:43:01: loading model ModelRuns/bwhaleGAMM.wisp36.RData"
[1] "2015-06-19 11:43:03: loading model ModelRuns/bwhaleGAMM.wisp37.RData"
[1] "2015-06-19 11:43:04: loading model ModelRuns/bwhaleGAMM.wisp38.RData"
[1] "2015-06-19 11:43:06: loading model ModelRuns/bwhaleGAMM.wisp39.RData"
[1] "2015-06-19 11:43:07: loading model ModelRuns/bwhaleGAMM.wisp40.RData"
[1] "2015-06-19 11:43:08: Making GAM data frame"
[1] "2015-06-19 11:43:09: Writing predictions to file Predictions/WhaleWatchPredictions_2015_05.csv"
[1] "2015-06-19 11:43:09: Finished running function predict_GAMM"
[1] "2015-06-19 11:43:09: Running function plot_GAMMRaster"
[1] "2015-06-19 11:43:11: Finished running function plot_GAMMRaster"
[1] "2015-06-19 11:43:11: Closing temporary logfile and renaming to file  logs/log2015-06-19T11-43-11.log"
