[1] "2015-06-18 18:48:50: Starting operations to make WhaleWatch product"
[1] "2015-06-18 18:48:50: Bathymetry data present, moving to next command"
[1] "2015-06-18 18:48:50: Running function get_EnvData"
[1] "2015-06-18 18:48:50: Loading required libraries"
[1] "2015-06-18 18:48:50: Getting the current month and year..."
[1] "2015-06-18 18:48:50: Creating temp directory tmp.1434678530"
[1] "2015-06-18 18:48:50: Attempting to grab Chlorophyll data from time period last"
[1] "2015-06-18 18:49:21: Chlorophyll data file download successful!!!"
[1] "2015-06-18 18:49:21: Reading in chlorophyll data file tmp.1434678530/chl.nc"
[1] "2015-06-18 18:49:21: Checking for existence of factor file Data/WhaleWatchFactors_2015_04.csv"
[1] "2015-06-18 18:50:01: Cleaning up temp directory tmp.1434678530"
[1] "2015-06-18 18:50:01: Finished running function get_EnvData"
[1] "2015-06-18 18:50:01: Running function predict_GAMM"
[1] "2015-06-18 18:50:01: Loading factor file Data/WhaleWatchFactors_9_2009.csv"
[1] "2015-06-18 18:50:02: loading model ModelRuns/bwhaleGAMM.sufa1.RData"
[1] "2015-06-18 18:50:03: loading model ModelRuns/bwhaleGAMM.sufa2.RData"
[1] "2015-06-18 18:50:05: loading model ModelRuns/bwhaleGAMM.sufa3.RData"
[1] "2015-06-18 18:50:06: loading model ModelRuns/bwhaleGAMM.sufa4.RData"
[1] "2015-06-18 18:50:08: loading model ModelRuns/bwhaleGAMM.sufa5.RData"
[1] "2015-06-18 18:50:09: loading model ModelRuns/bwhaleGAMM.sufa6.RData"
[1] "2015-06-18 18:50:11: loading model ModelRuns/bwhaleGAMM.sufa7.RData"
[1] "2015-06-18 18:50:12: loading model ModelRuns/bwhaleGAMM.sufa8.RData"
[1] "2015-06-18 18:50:14: loading model ModelRuns/bwhaleGAMM.sufa9.RData"
[1] "2015-06-18 18:50:16: loading model ModelRuns/bwhaleGAMM.sufa10.RData"
[1] "2015-06-18 18:50:17: loading model ModelRuns/bwhaleGAMM.sufa11.RData"
[1] "2015-06-18 18:50:19: loading model ModelRuns/bwhaleGAMM.sufa12.RData"
[1] "2015-06-18 18:50:20: loading model ModelRuns/bwhaleGAMM.sufa13.RData"
[1] "2015-06-18 18:50:21: loading model ModelRuns/bwhaleGAMM.sufa14.RData"
[1] "2015-06-18 18:50:23: loading model ModelRuns/bwhaleGAMM.sufa15.RData"
[1] "2015-06-18 18:50:24: loading model ModelRuns/bwhaleGAMM.sufa16.RData"
[1] "2015-06-18 18:50:26: loading model ModelRuns/bwhaleGAMM.sufa17.RData"
[1] "2015-06-18 18:50:28: loading model ModelRuns/bwhaleGAMM.sufa18.RData"
[1] "2015-06-18 18:50:29: loading model ModelRuns/bwhaleGAMM.sufa19.RData"
[1] "2015-06-18 18:50:30: loading model ModelRuns/bwhaleGAMM.sufa20.RData"
[1] "2015-06-18 18:50:32: loading model ModelRuns/bwhaleGAMM.sufa21.RData"
[1] "2015-06-18 18:50:34: loading model ModelRuns/bwhaleGAMM.sufa22.RData"
[1] "2015-06-18 18:50:35: loading model ModelRuns/bwhaleGAMM.sufa23.RData"
[1] "2015-06-18 18:50:37: loading model ModelRuns/bwhaleGAMM.sufa24.RData"
[1] "2015-06-18 18:50:38: loading model ModelRuns/bwhaleGAMM.sufa25.RData"
[1] "2015-06-18 18:50:40: loading model ModelRuns/bwhaleGAMM.sufa26.RData"
[1] "2015-06-18 18:50:42: loading model ModelRuns/bwhaleGAMM.sufa27.RData"
[1] "2015-06-18 18:50:43: loading model ModelRuns/bwhaleGAMM.sufa28.RData"
[1] "2015-06-18 18:50:45: loading model ModelRuns/bwhaleGAMM.sufa29.RData"
[1] "2015-06-18 18:50:46: loading model ModelRuns/bwhaleGAMM.sufa30.RData"
[1] "2015-06-18 18:50:48: loading model ModelRuns/bwhaleGAMM.sufa31.RData"
[1] "2015-06-18 18:50:49: loading model ModelRuns/bwhaleGAMM.sufa32.RData"
[1] "2015-06-18 18:50:51: loading model ModelRuns/bwhaleGAMM.sufa33.RData"
[1] "2015-06-18 18:50:53: loading model ModelRuns/bwhaleGAMM.sufa34.RData"
[1] "2015-06-18 18:50:54: loading model ModelRuns/bwhaleGAMM.sufa35.RData"
[1] "2015-06-18 18:50:56: loading model ModelRuns/bwhaleGAMM.sufa36.RData"
[1] "2015-06-18 18:50:57: loading model ModelRuns/bwhaleGAMM.sufa37.RData"
[1] "2015-06-18 18:50:59: loading model ModelRuns/bwhaleGAMM.sufa38.RData"
[1] "2015-06-18 18:51:00: loading model ModelRuns/bwhaleGAMM.sufa39.RData"
[1] "2015-06-18 18:51:02: loading model ModelRuns/bwhaleGAMM.sufa40.RData"
[1] "2015-06-18 18:51:04: Making GAM data frame"
[1] "2015-06-18 18:51:04: Writing predictions to file Predictions/WhaleWatchPredictions_9_2009.csv"
[1] "2015-06-18 18:51:04: Finished running function predict_GAMM"
[1] "2015-06-18 18:51:04: Running function plot_GAMMRaster"
[1] "2015-06-18 18:51:05: Finished running function plot_GAMMRaster"
[1] "2015-06-18 18:51:05: Closing temporary logfile and renaming to file  logs/log2015-06-18T18-51-05.log"
